<?xml version="1.0" encoding="UTF-8"?>
<!-- Generated by org.testng.reporters.JUnitReportReporter -->
<testsuite hostname="DESKTOP-0QGB83I" failures="0" tests="1" name="annotations.login" time="0.009" errors="0" timestamp="30 Aug 2023 03:01:21 GMT" skipped="0">
  <testcase classname="annotations.login" name="test3" time="0.009"/>
</testsuite> <!-- annotations.login -->
