<?xml version="1.0" encoding="UTF-8"?>
<!-- Generated by org.testng.reporters.JUnitReportReporter -->
<testsuite hostname="DESKTOP-0QGB83I" failures="0" tests="1" name="com.testcase.fblogin" time="2.687" errors="0" timestamp="06 Sep 2023 11:32:27 GMT" skipped="0">
  <testcase classname="com.testcase.fblogin" name="userdetail" time="2.687"/>
</testsuite> <!-- com.testcase.fblogin -->
