<?xml version="1.0" encoding="UTF-8"?>
<!-- Generated by org.testng.reporters.JUnitReportReporter -->
<testsuite hostname="DESKTOP-0QGB83I" failures="0" tests="1" name="testng.url" time="6.371" errors="0" timestamp="06 Sep 2023 07:36:33 GMT" skipped="0">
  <testcase classname="testng.url" name="testurl" time="6.371"/>
</testsuite> <!-- testng.url -->
