<?xml version="1.0" encoding="UTF-8"?>
<!-- Generated by org.testng.reporters.JUnitReportReporter -->
<testsuite hostname="DESKTOP-0QGB83I" failures="0" tests="1" name="testng.url" time="94.190" errors="0" timestamp="18 Aug 2023 03:18:41 GMT" skipped="0">
  <testcase classname="testng.url" name="testurl" time="94.190"/>
</testsuite> <!-- testng.url -->
