<?xml version="1.0" encoding="UTF-8"?>
<!-- Generated by org.testng.reporters.JUnitReportReporter -->
<testsuite hostname="DESKTOP-0QGB83I" failures="0" tests="1" name="com.testcase.login" time="2.700" errors="0" timestamp="06 Sep 2023 08:46:45 GMT" skipped="0">
  <testcase classname="com.testcase.login" name="loginapp" time="2.700"/>
</testsuite> <!-- com.testcase.login -->
